This is pdfTeX, Version 3.14159265-2.6-1.40.17 (TeX Live 2016) (preloaded format=pdflatex 2017.4.26)  2 JUN 2017 16:59
entering extended mode
 restricted \write18 enabled.
 %&-line parsing enabled.
**Manual.tex
(./Manual.tex
LaTeX2e <2016/03/31>
Babel <3.9r> and hyphenation patterns for 3 language(s) loaded.
(/usr/share/texlive/texmf-dist/tex/latex/base/book.cls
Document Class: book 2014/09/29 v1.4h Standard LaTeX document class
(/usr/share/texlive/texmf-dist/tex/latex/base/bk12.clo
File: bk12.clo 2014/09/29 v1.4h Standard LaTeX file (size option)
)
\c@part=\count79
\c@chapter=\count80
\c@section=\count81
\c@subsection=\count82
\c@subsubsection=\count83
\c@paragraph=\count84
\c@subparagraph=\count85
\c@figure=\count86
\c@table=\count87
\abovecaptionskip=\skip41
\belowcaptionskip=\skip42
\bibindent=\dimen102
)
(/usr/share/texlive/texmf-dist/tex/latex/geometry/geometry.sty
Package: geometry 2010/09/12 v5.6 Page Geometry

(/usr/share/texlive/texmf-dist/tex/latex/graphics/keyval.sty
Package: keyval 2014/10/28 v1.15 key=value parser (DPC)
\KV@toks@=\toks14
)
(/usr/share/texlive/texmf-dist/tex/generic/oberdiek/ifpdf.sty
Package: ifpdf 2016/05/14 v3.1 Provides the ifpdf switch
)
(/usr/share/texlive/texmf-dist/tex/generic/oberdiek/ifvtex.sty
Package: ifvtex 2016/05/16 v1.6 Detect VTeX and its facilities (HO)
Package ifvtex Info: VTeX not detected.
)
(/usr/share/texlive/texmf-dist/tex/generic/ifxetex/ifxetex.sty
Package: ifxetex 2010/09/12 v0.6 Provides ifxetex conditional
)
\Gm@cnth=\count88
\Gm@cntv=\count89
\c@Gm@tempcnt=\count90
\Gm@bindingoffset=\dimen103
\Gm@wd@mp=\dimen104
\Gm@odd@mp=\dimen105
\Gm@even@mp=\dimen106
\Gm@layoutwidth=\dimen107
\Gm@layoutheight=\dimen108
\Gm@layouthoffset=\dimen109
\Gm@layoutvoffset=\dimen110
\Gm@dimlist=\toks15
)
(/usr/share/texlive/texmf-dist/tex/latex/graphics/graphicx.sty
Package: graphicx 2014/10/28 v1.0g Enhanced LaTeX Graphics (DPC,SPQR)

(/usr/share/texlive/texmf-dist/tex/latex/graphics/graphics.sty
Package: graphics 2016/05/09 v1.0r Standard LaTeX Graphics (DPC,SPQR)

(/usr/share/texlive/texmf-dist/tex/latex/graphics/trig.sty
Package: trig 2016/01/03 v1.10 sin cos tan (DPC)
)
(/usr/share/texlive/texmf-dist/tex/latex/graphics-cfg/graphics.cfg
File: graphics.cfg 2016/01/02 v1.10 sample graphics configuration
)
Package graphics Info: Driver file: pdftex.def on input line 96.

(/usr/share/texlive/texmf-dist/tex/latex/graphics-def/pdftex.def
File: pdftex.def 2016/07/10 v0.06j Graphics/color for pdfTeX

(/usr/share/texlive/texmf-dist/tex/generic/oberdiek/infwarerr.sty
Package: infwarerr 2016/05/16 v1.4 Providing info/warning/error messages (HO)
)
(/usr/share/texlive/texmf-dist/tex/generic/oberdiek/ltxcmds.sty
Package: ltxcmds 2016/05/16 v1.23 LaTeX kernel commands for general use (HO)
)
\Gread@gobject=\count91
))
\Gin@req@height=\dimen111
\Gin@req@width=\dimen112
)
(/usr/share/texlive/texmf-dist/tex/latex/parskip/parskip.sty
Package: parskip 2001/04/09 non-zero parskip adjustments
)
(/usr/share/texlive/texmf-dist/tex/latex/titlesec/titlesec.sty
Package: titlesec 2016/03/21 v2.10.2 Sectioning titles
\ttl@box=\box26
\beforetitleunit=\skip43
\aftertitleunit=\skip44
\ttl@plus=\dimen113
\ttl@minus=\dimen114
\ttl@toksa=\toks16
\titlewidth=\dimen115
\titlewidthlast=\dimen116
\titlewidthfirst=\dimen117
)
(/usr/share/texlive/texmf-dist/tex/latex/graphics/color.sty
Package: color 2016/05/09 v1.1c Standard LaTeX Color (DPC)

(/usr/share/texlive/texmf-dist/tex/latex/graphics-cfg/color.cfg
File: color.cfg 2016/01/02 v1.6 sample color configuration
)
Package color Info: Driver file: pdftex.def on input line 144.
)
(/usr/share/texlive/texmf-dist/tex/latex/caption/subcaption.sty
Package: subcaption 2016/05/22 v1.1-161 Sub-captions (AR)

(/usr/share/texlive/texmf-dist/tex/latex/caption/caption.sty
Package: caption 2016/02/21 v3.3-144 Customizing captions (AR)

(/usr/share/texlive/texmf-dist/tex/latex/caption/caption3.sty
Package: caption3 2016/05/22 v1.7-166 caption3 kernel (AR)
Package caption3 Info: TeX engine: e-TeX on input line 67.
\captionmargin=\dimen118
\captionmargin@=\dimen119
\captionwidth=\dimen120
\caption@tempdima=\dimen121
\caption@indent=\dimen122
\caption@parindent=\dimen123
\caption@hangindent=\dimen124
)
\c@ContinuedFloat=\count92
)
\c@subfigure=\count93
\c@subtable=\count94
) (./Manual.aux)
\openout1 = `Manual.aux'.

LaTeX Font Info:    Checking defaults for OML/cmm/m/it on input line 27.
LaTeX Font Info:    ... okay on input line 27.
LaTeX Font Info:    Checking defaults for T1/cmr/m/n on input line 27.
LaTeX Font Info:    ... okay on input line 27.
LaTeX Font Info:    Checking defaults for OT1/cmr/m/n on input line 27.
LaTeX Font Info:    ... okay on input line 27.
LaTeX Font Info:    Checking defaults for OMS/cmsy/m/n on input line 27.
LaTeX Font Info:    ... okay on input line 27.
LaTeX Font Info:    Checking defaults for OMX/cmex/m/n on input line 27.
LaTeX Font Info:    ... okay on input line 27.
LaTeX Font Info:    Checking defaults for U/cmr/m/n on input line 27.
LaTeX Font Info:    ... okay on input line 27.
*geometry* driver: auto-detecting
*geometry* detected driver: pdftex
*geometry* verbose mode - [ preamble ] result:
* driver: pdftex
* paper: custom
* layout: <same size as paper>
* layoutoffset:(h,v)=(0.0pt,0.0pt)
* modes: twoside 
* h-part:(L,W,R)=(39.02618pt, 227.64949pt, 58.53932pt)
* v-part:(T,H,B)=(60.7074pt, 354.12144pt, 91.06116pt)
* \paperwidth=325.215pt
* \paperheight=505.89pt
* \textwidth=227.64949pt
* \textheight=354.12144pt
* \oddsidemargin=-33.2438pt
* \evensidemargin=-13.73067pt
* \topmargin=-43.43639pt
* \headheight=12.0pt
* \headsep=19.8738pt
* \topskip=12.0pt
* \footskip=30.0pt
* \marginparwidth=98.0pt
* \marginparsep=7.0pt
* \columnsep=10.0pt
* \skip\footins=10.8pt plus 4.0pt minus 2.0pt
* \hoffset=0.0pt
* \voffset=0.0pt
* \mag=1000
* \@twocolumnfalse
* \@twosidetrue
* \@mparswitchtrue
* \@reversemarginfalse
* (1in=72.27pt=25.4mm, 1cm=28.453pt)

(/usr/share/texlive/texmf-dist/tex/context/base/mkii/supp-pdf.mkii
[Loading MPS to PDF converter (version 2006.09.02).]
\scratchcounter=\count95
\scratchdimen=\dimen125
\scratchbox=\box27
\nofMPsegments=\count96
\nofMParguments=\count97
\everyMPshowfont=\toks17
\MPscratchCnt=\count98
\MPscratchDim=\dimen126
\MPnumerator=\count99
\makeMPintoPDFobject=\count100
\everyMPtoPDFconversion=\toks18
) (/usr/share/texlive/texmf-dist/tex/generic/oberdiek/pdftexcmds.sty
Package: pdftexcmds 2016/05/21 v0.22 Utility functions of pdfTeX for LuaTeX (HO
)

(/usr/share/texlive/texmf-dist/tex/generic/oberdiek/ifluatex.sty
Package: ifluatex 2016/05/16 v1.4 Provides the ifluatex switch (HO)
Package ifluatex Info: LuaTeX not detected.
)
Package pdftexcmds Info: LuaTeX not detected.
Package pdftexcmds Info: \pdf@primitive is available.
Package pdftexcmds Info: \pdf@ifprimitive is available.
Package pdftexcmds Info: \pdfdraftmode found.
)
(/usr/share/texlive/texmf-dist/tex/latex/oberdiek/epstopdf-base.sty
Package: epstopdf-base 2016/05/15 v2.6 Base part for package epstopdf

(/usr/share/texlive/texmf-dist/tex/latex/oberdiek/grfext.sty
Package: grfext 2016/05/16 v1.2 Manage graphics extensions (HO)

(/usr/share/texlive/texmf-dist/tex/generic/oberdiek/kvdefinekeys.sty
Package: kvdefinekeys 2016/05/16 v1.4 Define keys (HO)
))
(/usr/share/texlive/texmf-dist/tex/latex/oberdiek/kvoptions.sty
Package: kvoptions 2016/05/16 v3.12 Key value format for package options (HO)

(/usr/share/texlive/texmf-dist/tex/generic/oberdiek/kvsetkeys.sty
Package: kvsetkeys 2016/05/16 v1.17 Key value parser (HO)

(/usr/share/texlive/texmf-dist/tex/generic/oberdiek/etexcmds.sty
Package: etexcmds 2016/05/16 v1.6 Avoid name clashes with e-TeX commands (HO)
Package etexcmds Info: Could not find \expanded.
(etexcmds)             That can mean that you are not using pdfTeX 1.50 or
(etexcmds)             that some package has redefined \expanded.
(etexcmds)             In the latter case, load this package earlier.
)))
Package epstopdf-base Info: Redefining graphics rule for `.eps' on input line 4
38.
Package grfext Info: Graphics extension search list:
(grfext)             [.png,.pdf,.jpg,.mps,.jpeg,.jbig2,.jb2,.PNG,.PDF,.JPG,.JPE
G,.JBIG2,.JB2,.eps]
(grfext)             \AppendGraphicsExtensions on input line 456.

(/usr/share/texlive/texmf-dist/tex/latex/latexconfig/epstopdf-sys.cfg
File: epstopdf-sys.cfg 2010/07/13 v1.3 Configuration of (r)epstopdf for TeX Liv
e
))
Package caption Info: Begin \AtBeginDocument code.
Package caption Info: End \AtBeginDocument code.

<GameLogo.png, id=1, 84.315pt x 11.04124pt>
File: GameLogo.png Graphic file (type png)
 <use GameLogo.png>
Package pdftex.def Info: GameLogo.png used on input line 29.
(pdftex.def)             Requested size: 227.64949pt x 29.81187pt.
LaTeX Font Info:    External font `cmex10' loaded for size
(Font)              <14.4> on input line 29.
LaTeX Font Info:    External font `cmex10' loaded for size
(Font)              <7> on input line 29.
Package epstopdf Info: Source file: <CompanyLogo.eps>
(epstopdf)                    date: 2017-05-30 18:07:18
(epstopdf)                    size: 9085 bytes
(epstopdf)             Output file: <CompanyLogo-eps-converted-to.pdf>
(epstopdf)                    date: 2017-05-31 21:20:56
(epstopdf)                    size: 4697 bytes
(epstopdf)             Command: <repstopdf --outfile=CompanyLogo-eps-converted-
to.pdf CompanyLogo.eps>
(epstopdf)             \includegraphics on input line 29.
Package epstopdf Info: Output file is already uptodate.

<CompanyLogo-eps-converted-to.pdf, id=3, 285.065pt x 283.0575pt>
File: CompanyLogo-eps-converted-to.pdf Graphic file (type pdf)

<use CompanyLogo-eps-converted-to.pdf>
Package pdftex.def Info: CompanyLogo-eps-converted-to.pdf used on input line 29
.
(pdftex.def)             Requested size: 113.82474pt x 113.02231pt.
LaTeX Font Info:    Try loading font information for OMS+cmr on input line 29.

(/usr/share/texlive/texmf-dist/tex/latex/base/omscmr.fd
File: omscmr.fd 2014/09/29 v2.5h Standard LaTeX font definitions
)
LaTeX Font Info:    Font shape `OMS/cmr/m/n' in size <14.4> not available
(Font)              Font shape `OMS/cmsy/m/n' tried instead on input line 29.
 [1


{/usr/share/texlive/texmf-dist/fonts/map/pdftex/updmap/pdftex.map} <./GameLogo.
png> <./CompanyLogo-eps-converted-to.pdf>] [2] (./Manual.toc
LaTeX Font Info:    External font `cmex10' loaded for size
(Font)              <12> on input line 5.
LaTeX Font Info:    External font `cmex10' loaded for size
(Font)              <8> on input line 5.
LaTeX Font Info:    External font `cmex10' loaded for size
(Font)              <6> on input line 5.
)
\tf@toc=\write3
\openout3 = `Manual.toc'.

 [1


]
Chapter 1.

Overfull \hbox (0.55508pt too wide) in paragraph at lines 43--44
\OT1/cmr/m/n/12 test-ing an an-ti-dote. How-ever, you do not have
 []

[1


]
Overfull \hbox (1.40785pt too wide) in paragraph at lines 47--48
\OT1/cmr/m/n/12 tech se-cu-rity sys-tem of boolean al-ge-bra mazes
 []

<Cat.png, id=24, 14.0525pt x 14.0525pt>
File: Cat.png Graphic file (type png)
 <use Cat.png>
Package pdftex.def Info: Cat.png used on input line 49.
(pdftex.def)             Requested size: 91.0584pt x 91.09439pt.

<Mouse.png, id=25, 16.06pt x 7.02625pt>
File: Mouse.png Graphic file (type png)
 <use Mouse.png>
Package pdftex.def Info: Mouse.png used on input line 51.
(pdftex.def)             Requested size: 91.0584pt x 39.85095pt.
 [2 <./Cat.png> <./Mouse.png>]
Chapter 2.
[3

] <MainMenu.png, id=35, 1371.1225pt x 770.88pt>
File: MainMenu.png Graphic file (type png)
 <use MainMenu.png>
Package pdftex.def Info: MainMenu.png used on input line 65.
(pdftex.def)             Requested size: 227.64949pt x 127.98956pt.
 [4 <./MainMenu.png>]
Chapter 3.
LaTeX Font Info:    Font shape `OMS/cmr/m/n' in size <12> not available
(Font)              Font shape `OMS/cmsy/m/n' tried instead on input line 74.
[5

] [6

]
Chapter 4.
<MazeScreenshot.png, id=48, 1371.1225pt x 770.88pt>
File: MazeScreenshot.png Graphic file (type png)
 <use MazeScreenshot.png>
Package pdftex.def Info: MazeScreenshot.png used on input line 81.
(pdftex.def)             Requested size: 227.64949pt x 127.98956pt.

Underfull \vbox (badness 2103) has occurred while \output is active []

 [7 <./MazeScreenshot.png>] <ON.png, id=53, 6.0225pt x 16.06pt>
File: ON.png Graphic file (type png)
 <use ON.png>
Package pdftex.def Info: ON.png used on input line 101.
(pdftex.def)             Requested size: 20.48886pt x 54.64587pt.

<OFF.png, id=54, 6.0225pt x 16.06pt>
File: OFF.png Graphic file (type png)
 <use OFF.png>
Package pdftex.def Info: OFF.png used on input line 108.
(pdftex.def)             Requested size: 20.48886pt x 54.64587pt.

<UNKNOWN.png, id=55, 6.0225pt x 16.06pt>
File: UNKNOWN.png Graphic file (type png)
 <use UNKNOWN.png>
Package pdftex.def Info: UNKNOWN.png used on input line 115.
(pdftex.def)             Requested size: 20.48886pt x 54.64587pt.

Overfull \hbox (2.74901pt too wide) in paragraph at lines 129--137
[][] 
 []

<AND.png, id=56, 16.06pt x 16.06pt>
File: AND.png Graphic file (type png)
 <use AND.png>
Package pdftex.def Info: AND.png used on input line 140.
(pdftex.def)             Requested size: 34.14688pt x 34.14969pt.

Underfull \vbox (badness 1009) has occurred while \output is active []

 [8 <./ON.png> <./OFF.png> <./UNKNOWN.png>]
Overfull \hbox (2.74901pt too wide) in paragraph at lines 149--157
[][] 
 []

<NAND.png, id=64, 16.06pt x 16.06pt>
File: NAND.png Graphic file (type png)
 <use NAND.png>
Package pdftex.def Info: NAND.png used on input line 160.
(pdftex.def)             Requested size: 34.14688pt x 34.14969pt.

Overfull \hbox (2.74901pt too wide) in paragraph at lines 168--176
[][] 
 []

<OR.png, id=65, 16.06pt x 16.06pt>
File: OR.png Graphic file (type png)
 <use OR.png>
Package pdftex.def Info: OR.png used on input line 179.
(pdftex.def)             Requested size: 34.14688pt x 34.14969pt.
 [9 <./AND.png> <./NAND.png>]
Overfull \hbox (2.74901pt too wide) in paragraph at lines 188--196
[][] 
 []

<NOR.png, id=71, 16.06pt x 16.06pt>
File: NOR.png Graphic file (type png)
 <use NOR.png>
Package pdftex.def Info: NOR.png used on input line 199.
(pdftex.def)             Requested size: 34.14688pt x 34.14969pt.

Overfull \hbox (2.74901pt too wide) in paragraph at lines 207--215
[][] 
 []

<XOR.png, id=72, 16.06pt x 16.06pt>
File: XOR.png Graphic file (type png)
 <use XOR.png>
Package pdftex.def Info: XOR.png used on input line 218.
(pdftex.def)             Requested size: 34.14688pt x 34.14969pt.
 [10 <./OR.png> <./NOR.png>]
Overfull \hbox (5.33838pt too wide) in paragraph at lines 222--222
|[]\OT1/cmr/bx/n/17.28 Interacting with Gates| 
 []

<BlueFish.png, id=79, 16.06pt x 13.04875pt>
File: BlueFish.png Graphic file (type png)
 <use BlueFish.png>
Package pdftex.def Info: BlueFish.png used on input line 231.
(pdftex.def)             Requested size: 36.42474pt x 29.59752pt.

<PurpleFish.png, id=80, 16.06pt x 13.04875pt>
File: PurpleFish.png Graphic file (type png)
 <use PurpleFish.png>
Package pdftex.def Info: PurpleFish.png used on input line 237.
(pdftex.def)             Requested size: 36.42474pt x 29.59752pt.

<GreenFish.png, id=81, 16.06pt x 13.04875pt>
File: GreenFish.png Graphic file (type png)
 <use GreenFish.png>
Package pdftex.def Info: GreenFish.png used on input line 243.
(pdftex.def)             Requested size: 36.42474pt x 29.59752pt.

<RedFish.png, id=82, 16.06pt x 13.04875pt>
File: RedFish.png Graphic file (type png)
 <use RedFish.png>
Package pdftex.def Info: RedFish.png used on input line 249.
(pdftex.def)             Requested size: 36.42474pt x 29.59752pt.

<OrangeFish.png, id=83, 16.06pt x 13.04875pt>
File: OrangeFish.png Graphic file (type png)
 <use OrangeFish.png>
Package pdftex.def Info: OrangeFish.png used on input line 255.
(pdftex.def)             Requested size: 36.42474pt x 29.59752pt.
 [11 <./XOR.png>] <Cheese.png, id=88, 12.045pt x 8.03pt>
File: Cheese.png Graphic file (type png)
 <use Cheese.png>
Package pdftex.def Info: Cheese.png used on input line 262.
(pdftex.def)             Requested size: 79.67871pt x 53.14511pt.
 [12 <./BlueFish.png> <./PurpleFish.png> <./GreenFish.png> <./RedFish.png> <./O
rangeFish.png> <./Cheese.png>]
Chapter 5.
<Counting.png, id=98, 1154.3125pt x 742.775pt>
File: Counting.png Graphic file (type png)
 <use Counting.png>
Package pdftex.def Info: Counting.png used on input line 267.
(pdftex.def)             Requested size: 227.64949pt x 146.47827pt.
 [13

 <./Counting.png>] [14] (./Manual.aux) ) 
Here is how much of TeX's memory you used:
 3587 strings out of 494946
 55258 string characters out of 6180981
 119706 words of memory out of 5000000
 6820 multiletter control sequences out of 15000+600000
 10113 words of font info for 35 fonts, out of 8000000 for 9000
 14 hyphenation exceptions out of 8191
 42i,11n,40p,331b,383s stack positions out of 5000i,500n,10000p,200000b,80000s
</usr/share/texlive/texmf-dist/fonts/ty
pe1/public/amsfonts/cm/cmbx12.pfb></usr/share/texlive/texmf-dist/fonts/type1/pu
blic/amsfonts/cm/cmr12.pfb></usr/share/texlive/texmf-dist/fonts/type1/public/am
sfonts/cm/cmr17.pfb></usr/share/texlive/texmf-dist/fonts/type1/public/amsfonts/
cm/cmsl12.pfb></usr/share/texlive/texmf-dist/fonts/type1/public/amsfonts/cm/cms
y10.pfb></usr/share/texlive/texmf-dist/fonts/type1/public/amsfonts/cm/cmti12.pf
b>
Output written on Manual.pdf (17 pages, 203041 bytes).
PDF statistics:
 127 PDF objects out of 1000 (max. 8388607)
 60 compressed objects within 1 object stream
 0 named destinations out of 1000 (max. 500000)
 106 words of extra memory for PDF output out of 10000 (max. 10000000)

